[    0.000000] Linux version 4.15.0-212-generic (buildd@lcy02-amd64-083) (gcc version 7.5.0 (Ubuntu 7.5.0-3ubuntu1~18.04)) #223-Ubuntu SMP Tue May 23 13:09:22 UTC 2023 (Ubuntu 4.15.0-212.223-generic 4.15.18)
[    0.000000] Command line: BOOT_IMAGE=/boot/vmlinuz-4.15.0-212-generic root=LABEL=cloudimg-rootfs ro console=tty1 console=ttyS0
[    0.000000] KERNEL supported cpus:
[    0.000000]   Intel GenuineIntel
[    0.000000]   AMD AuthenticAMD
[    0.000000]   Centaur CentaurHauls
[    0.000000] x86/fpu: Supporting XSAVE feature 0x001: 'x87 floating point registers'
[    0.000000] x86/fpu: Supporting XSAVE feature 0x002: 'SSE registers'
[    0.000000] x86/fpu: Supporting XSAVE feature 0x004: 'AVX registers'
[    0.000000] x86/fpu: xstate_offset[2]:  576, xstate_sizes[2]:  256
[    0.000000] x86/fpu: Enabled xstate features 0x7, context size is 832 bytes, using 'standard' format.
[    0.000000] e820: BIOS-provided physical RAM map:
[    0.000000] BIOS-e820: [mem 0x0000000000000000-0x000000000009fbff] usable
[    0.000000] BIOS-e820: [mem 0x000000000009fc00-0x000000000009ffff] reserved
[    0.000000] BIOS-e820: [mem 0x00000000000f0000-0x00000000000fffff] reserved
[    0.000000] BIOS-e820: [mem 0x0000000000100000-0x000000003ffeffff] usable
[    0.000000] BIOS-e820: [mem 0x000000003fff0000-0x000000003fffffff] ACPI data
[    0.000000] BIOS-e820: [mem 0x00000000fec00000-0x00000000fec00fff] reserved
[    0.000000] BIOS-e820: [mem 0x00000000fee00000-0x00000000fee00fff] reserved
[    0.000000] BIOS-e820: [mem 0x00000000fffc0000-0x00000000ffffffff] reserved
[    0.000000] NX (Execute Disable) protection: active
[    0.000000] SMBIOS 2.5 present.
[    0.000000] DMI: innotek GmbH VirtualBox/VirtualBox, BIOS VirtualBox 12/01/2006
[    0.000000] Hypervisor detected: KVM
[    0.000000] e820: last_pfn = 0x3fff0 max_arch_pfn = 0x400000000
[    0.000000] x86/PAT: Configuration [0-7]: WB  WC  UC- UC  WB  WP  UC- WT  
[    0.000000] found SMP MP-table at [mem 0x0009fbf0-0x0009fbff]
[    0.000000] Scanning 1 areas for low memory corruption
[    0.000000] RAMDISK: [mem 0x359cb000-0x36cdcfff]
[    0.000000] ACPI: Early table checksum verification disabled
[    0.000000] ACPI: RSDP 0x00000000000E0000 000024 (v02 VBOX  )
[    0.000000] ACPI: XSDT 0x000000003FFF0030 00003C (v01 VBOX   VBOXXSDT 00000001 ASL  00000061)
[    0.000000] ACPI: FACP 0x000000003FFF00F0 0000F4 (v04 VBOX   VBOXFACP 00000001 ASL  00000061)
[    0.000000] ACPI: DSDT 0x000000003FFF0610 002353 (v02 VBOX   VBOXBIOS 00000002 INTL 20100528)
[    0.000000] ACPI: FACS 0x000000003FFF0200 000040
[    0.000000] ACPI: FACS 0x000000003FFF0200 000040
[    0.000000] ACPI: APIC 0x000000003FFF0240 00005C (v02 VBOX   VBOXAPIC 00000001 ASL  00000061)
[    0.000000] ACPI: SSDT 0x000000003FFF02A0 00036C (v01 VBOX   VBOXCPUT 00000002 INTL 20100528)
[    0.000000] ACPI: Reserving FACP table memory at [mem 0x3fff00f0-0x3fff01e3]
[    0.000000] ACPI: Reserving DSDT table memory at [mem 0x3fff0610-0x3fff2962]
[    0.000000] ACPI: Reserving FACS table memory at [mem 0x3fff0200-0x3fff023f]
[    0.000000] ACPI: Reserving FACS table memory at [mem 0x3fff0200-0x3fff023f]
[    0.000000] ACPI: Reserving APIC table memory at [mem 0x3fff0240-0x3fff029b]
[    0.000000] ACPI: Reserving SSDT table memory at [mem 0x3fff02a0-0x3fff060b]
[    0.000000] No NUMA configuration found
[    0.000000] Faking a node at [mem 0x0000000000000000-0x000000003ffeffff]
[    0.000000] NODE_DATA(0) allocated [mem 0x3ffc5000-0x3ffeffff]
[    0.000000] kvm-clock: cpu 0, msr 0:3ff44001, primary cpu clock
[    0.000000] kvm-clock: Using msrs 4b564d01 and 4b564d00
[    0.000000] kvm-clock: using sched offset of 3163026657 cycles
[    0.000000] clocksource: kvm-clock: mask: 0xffffffffffffffff max_cycles: 0x1cd42e4dffb, max_idle_ns: 881590591483 ns
[    0.000000] Zone ranges:
[    0.000000]   DMA      [mem 0x0000000000001000-0x0000000000ffffff]
[    0.000000]   DMA32    [mem 0x0000000001000000-0x000000003ffeffff]
[    0.000000]   Normal   empty
[    0.000000]   Device   empty
[    0.000000] Movable zone start for each node
[    0.000000] Early memory node ranges
[    0.000000]   node   0: [mem 0x0000000000001000-0x000000000009efff]
[    0.000000]   node   0: [mem 0x0000000000100000-0x000000003ffeffff]
[    0.000000] Reserved but unavailable: 104 pages
[    0.000000] Initmem setup node 0 [mem 0x0000000000001000-0x000000003ffeffff]
[    0.000000] ACPI: PM-Timer IO Port: 0x4008
[    0.000000] IOAPIC[0]: apic_id 2, version 32, address 0xfec00000, GSI 0-23
[    0.000000] ACPI: INT_SRC_OVR (bus 0 bus_irq 0 global_irq 2 dfl dfl)
[    0.000000] ACPI: INT_SRC_OVR (bus 0 bus_irq 9 global_irq 9 low level)
[    0.000000] Using ACPI (MADT) for SMP configuration information
[    0.000000] smpboot: Allowing 2 CPUs, 0 hotplug CPUs
[    0.000000] PM: Registered nosave memory: [mem 0x00000000-0x00000fff]
[    0.000000] PM: Registered nosave memory: [mem 0x0009f000-0x0009ffff]
[    0.000000] PM: Registered nosave memory: [mem 0x000a0000-0x000effff]
[    0.000000] PM: Registered nosave memory: [mem 0x000f0000-0x000fffff]
[    0.000000] e820: [mem 0x40000000-0xfebfffff] available for PCI devices
[    0.000000] Booting paravirtualized kernel on KVM
[    0.000000] clocksource: refined-jiffies: mask: 0xffffffff max_cycles: 0xffffffff, max_idle_ns: 7645519600211568 ns
[    0.000000] setup_percpu: NR_CPUS:8192 nr_cpumask_bits:2 nr_cpu_ids:2 nr_node_ids:1
[    0.000000] percpu: Embedded 50 pages/cpu s167936 r8192 d28672 u1048576
[    0.000000] PV qspinlock hash table entries: 256 (order: 0, 4096 bytes)
[    0.000000] Built 1 zonelists, mobility grouping on.  Total pages: 257913
[    0.000000] Policy zone: DMA32
[    0.000000] Kernel command line: BOOT_IMAGE=/boot/vmlinuz-4.15.0-212-generic root=LABEL=cloudimg-rootfs ro console=tty1 console=ttyS0
[    0.000000] Memory: 982644K/1048120K available (12300K kernel code, 2477K rwdata, 4324K rodata, 2480K init, 2720K bss, 65476K reserved, 0K cma-reserved)
[    0.000000] SLUB: HWalign=64, Order=0-3, MinObjects=0, CPUs=2, Nodes=1
[    0.000000] Kernel/User page tables isolation: enabled
[    0.000000] ftrace: allocating 39508 entries in 155 pages
[    0.004000] Hierarchical RCU implementation.
[    0.004000] 	RCU restricting CPUs from NR_CPUS=8192 to nr_cpu_ids=2.
[    0.004000] 	Tasks RCU enabled.
[    0.004000] RCU: Adjusting geometry for rcu_fanout_leaf=16, nr_cpu_ids=2
[    0.004000] NR_IRQS: 524544, nr_irqs: 440, preallocated irqs: 16
[    0.004000] random: crng init done
[    0.004000] Console: colour VGA+ 80x25
[    0.004000] console [tty1] enabled
[    0.004000] console [ttyS0] enabled
[    0.004000] ACPI: Core revision 20170831
[    0.004000] ACPI: 2 ACPI AML tables successfully acquired and loaded
[    0.004000] APIC: Switch to symmetric I/O mode setup
[    0.004000] x2apic enabled
[    0.004000] Switched APIC routing to physical x2apic.
[    0.004000] ..TIMER: vector=0x30 apic1=0 pin1=2 apic2=-1 pin2=-1
[    0.004000] tsc: Detected 2304.000 MHz processor
[    0.004008] Calibrating delay loop (skipped) preset value.. 4608.00 BogoMIPS (lpj=9216000)
[    0.005458] pid_max: default: 32768 minimum: 301
[    0.006326] Security Framework initialized
[    0.007075] Yama: becoming mindful.
[    0.008025] AppArmor: AppArmor initialized
[    0.009119] Dentry cache hash table entries: 131072 (order: 8, 1048576 bytes)
[    0.010124] Inode-cache hash table entries: 65536 (order: 7, 524288 bytes)
[    0.011020] Mount-cache hash table entries: 2048 (order: 2, 16384 bytes)
[    0.012007] Mountpoint-cache hash table entries: 2048 (order: 2, 16384 bytes)
[    0.013113] Last level iTLB entries: 4KB 64, 2MB 8, 4MB 8
[    0.013846] Last level dTLB entries: 4KB 64, 2MB 0, 4MB 0, 1GB 4
[    0.014664] Spectre V1 : Mitigation: usercopy/swapgs barriers and __user pointer sanitization
[    0.016002] Spectre V2 : Mitigation: Retpolines
[    0.016816] Spectre V2 : Spectre v2 / SpectreRSB mitigation: Filling RSB on context switch
[    0.018097] Spectre V2 : Spectre v2 / SpectreRSB : Filling RSB on VMEXIT
[    0.019273] RETBleed: WARNING: Spectre v2 mitigation leaves CPU vulnerable to RETBleed attacks, data leaks possible!
[    0.020003] RETBleed: Vulnerable
[    0.020879] Speculative Store Bypass: Vulnerable
[    0.021751] MDS: Mitigation: Clear CPU buffers
[    0.022393] MMIO Stale Data: Mitigation: Clear CPU buffers
[    0.024004] SRBDS: Unknown: Dependent on hypervisor status
[    0.024941] Freeing SMP alternatives memory: 36K
[    0.135577] smpboot: CPU0: Intel(R) Core(TM) i7-10610U CPU @ 1.80GHz (family: 0x6, model: 0x8e, stepping: 0xc)
[    0.136000] Performance Events: unsupported p6 CPU model 142 no PMU driver, software events only.
[    0.136000] Hierarchical SRCU implementation.
[    0.136544] NMI watchdog: Perf event create on CPU 0 failed with -2
[    0.137705] NMI watchdog: Perf NMI watchdog permanently disabled
[    0.138936] smp: Bringing up secondary CPUs ...
[    0.140109] x86: Booting SMP configuration:
[    0.140842] .... node  #0, CPUs:      #1
[    0.004000] kvm-clock: cpu 1, msr 0:3ff44041, secondary cpu clock
[    0.144020] smp: Brought up 1 node, 2 CPUs
[    0.144767] smpboot: Max logical packages: 1
[    0.145507] smpboot: Total of 2 processors activated (9216.00 BogoMIPS)
[    0.148258] devtmpfs: initialized
[    0.148621] x86/mm: Memory block size: 128MB
[    0.149498] evm: security.selinux
[    0.150123] evm: security.SMACK64
[    0.150716] evm: security.SMACK64EXEC
[    0.151380] evm: security.SMACK64TRANSMUTE
[    0.152002] evm: security.SMACK64MMAP
[    0.152651] evm: security.apparmor
[    0.153296] evm: security.ima
[    0.153850] evm: security.capability
[    0.154795] clocksource: jiffies: mask: 0xffffffff max_cycles: 0xffffffff, max_idle_ns: 7645041785100000 ns
[    0.156007] futex hash table entries: 512 (order: 3, 32768 bytes)
[    0.157073] pinctrl core: initialized pinctrl subsystem
[    0.158176] RTC time: 22:20:46, date: 07/31/25
[    0.158980] NET: Registered protocol family 16
[    0.160062] audit: initializing netlink subsys (disabled)
[    0.160947] audit: type=2000 audit(1754000450.919:1): state=initialized audit_enabled=0 res=1
[    0.161447] cpuidle: using governor ladder
[    0.161447] cpuidle: using governor menu
[    0.164034] ACPI: bus type PCI registered
[    0.164831] acpiphp: ACPI Hot Plug PCI Controller Driver version: 0.5
[    0.166106] PCI: Using configuration type 1 for base access
[    0.168226] HugeTLB registered 2.00 MiB page size, pre-allocated 0 pages
[    0.169396] ACPI: Added _OSI(Module Device)
[    0.169396] ACPI: Added _OSI(Processor Device)
[    0.169482] ACPI: Added _OSI(3.0 _SCP Extensions)
[    0.172003] ACPI: Added _OSI(Processor Aggregator Device)
[    0.172882] ACPI: Added _OSI(Linux-Dell-Video)
[    0.173612] ACPI: Added _OSI(Linux-Lenovo-NV-HDMI-Audio)
[    0.174500] ACPI: Added _OSI(Linux-HPI-Hybrid-Graphics)
[    0.177521] ACPI: Executed 1 blocks of module-level executable AML code
[    0.182217] ACPI: Interpreter enabled
[    0.182931] ACPI: (supports S0 S5)
[    0.184002] ACPI: Using IOAPIC for interrupt routing
[    0.185025] PCI: Using host bridge windows from ACPI; if necessary, use "pci=nocrs" and report a bug
[    0.186667] ACPI: Enabled 2 GPEs in block 00 to 07
[    0.192726] ACPI: PCI Root Bridge [PCI0] (domain 0000 [bus 00-ff])
[    0.193816] acpi PNP0A03:00: _OSC: OS supports [ASPM ClockPM Segments MSI]
[    0.195322] acpi PNP0A03:00: _OSC: not requesting OS control; OS requires [ExtendedConfig ASPM ClockPM MSI]
[    0.196011] acpi PNP0A03:00: fail to add MMCONFIG information, can't access extended PCI configuration space under this bridge.
[    0.198449] PCI host bridge to bus 0000:00
[    0.199119] pci_bus 0000:00: root bus resource [io  0x0000-0x0cf7 window]
[    0.200003] pci_bus 0000:00: root bus resource [io  0x0d00-0xffff window]
[    0.201123] pci_bus 0000:00: root bus resource [mem 0x000a0000-0x000bffff window]
[    0.202837] pci_bus 0000:00: root bus resource [mem 0x40000000-0xfdffffff window]
[    0.204003] pci_bus 0000:00: root bus resource [bus 00-ff]
[    0.208059] pci 0000:00:01.1: legacy IDE quirk: reg 0x10: [io  0x01f0-0x01f7]
[    0.209199] pci 0000:00:01.1: legacy IDE quirk: reg 0x14: [io  0x03f6]
[    0.210281] pci 0000:00:01.1: legacy IDE quirk: reg 0x18: [io  0x0170-0x0177]
[    0.211401] pci 0000:00:01.1: legacy IDE quirk: reg 0x1c: [io  0x0376]
[    0.226065] pci 0000:00:07.0: quirk: [io  0x4000-0x403f] claimed by PIIX4 ACPI
[    0.227316] pci 0000:00:07.0: quirk: [io  0x4100-0x410f] claimed by PIIX4 SMB
[    0.232450] ACPI: PCI Interrupt Link [LNKA] (IRQs 5 9 10 *11)
[    0.233867] ACPI: PCI Interrupt Link [LNKB] (IRQs 5 9 *10 11)
[    0.235015] ACPI: PCI Interrupt Link [LNKC] (IRQs 5 *9 10 11)
[    0.236000] ACPI: PCI Interrupt Link [LNKD] (IRQs 5 9 10 *11)
[    0.236240] SCSI subsystem initialized
[    0.236961] pci 0000:00:02.0: vgaarb: setting as boot VGA device
[    0.237026] pci 0000:00:02.0: vgaarb: VGA device added: decodes=io+mem,owns=io+mem,locks=none
[    0.240011] pci 0000:00:02.0: vgaarb: bridge control possible
[    0.241168] vgaarb: loaded
[    0.241695] ACPI: bus type USB registered
[    0.242440] usbcore: registered new interface driver usbfs
[    0.243328] usbcore: registered new interface driver hub
[    0.244014] usbcore: registered new device driver usb
[    0.244906] EDAC MC: Ver: 3.0.0
[    0.244906] PCI: Using ACPI for IRQ routing
[    0.244906] NetLabel: Initializing
[    0.245437] NetLabel:  domain hash size = 128
[    0.248007] NetLabel:  protocols = UNLABELED CIPSOv4 CALIPSO
[    0.248923] NetLabel:  unlabeled traffic allowed by default
[    0.249819] clocksource: Switched to clocksource kvm-clock
[    0.258303] VFS: Disk quotas dquot_6.6.0
[    0.259124] VFS: Dquot-cache hash table entries: 512 (order 0, 4096 bytes)
[    0.260574] AppArmor: AppArmor Filesystem Enabled
[    0.261415] pnp: PnP ACPI init
[    0.262875] pnp: PnP ACPI: found 3 devices
[    0.273240] clocksource: acpi_pm: mask: 0xffffff max_cycles: 0xffffff, max_idle_ns: 2085701024 ns
[    0.274954] NET: Registered protocol family 2
[    0.275968] IP idents hash table entries: 16384 (order: 5, 131072 bytes)
[    0.277839] TCP established hash table entries: 8192 (order: 4, 65536 bytes)
[    0.279018] TCP bind hash table entries: 8192 (order: 5, 131072 bytes)
[    0.280260] TCP: Hash tables configured (established 8192 bind 8192)
[    0.281629] UDP hash table entries: 512 (order: 2, 16384 bytes)
[    0.282596] UDP-Lite hash table entries: 512 (order: 2, 16384 bytes)
[    0.283626] NET: Registered protocol family 1
[    0.284377] pci 0000:00:00.0: Limiting direct PCI/PCI transfers
[    0.285379] pci 0000:00:01.0: Activating ISA DMA hang workarounds
[    0.286519] pci 0000:00:02.0: Video device with shadowed ROM at [mem 0x000c0000-0x000dffff]
[    0.287967] Unpacking initramfs...
[    0.600339] Freeing initrd memory: 19528K
[    0.601618] clocksource: tsc: mask: 0xffffffffffffffff max_cycles: 0x2135f7c97c8, max_idle_ns: 440795273205 ns
[    0.604306] platform rtc_cmos: registered platform RTC device (no PNP device found)
[    0.605619] Scanning for low memory corruption every 60 seconds
[    0.607148] Initialise system trusted keyrings
[    0.607979] Key type blacklist registered
[    0.608816] workingset: timestamp_bits=36 max_order=18 bucket_order=0
[    0.610706] zbud: loaded
[    0.611682] squashfs: version 4.0 (2009/01/31) Phillip Lougher
[    0.612924] fuse init (API version 7.26)
[    0.615490] Key type asymmetric registered
[    0.616368] Asymmetric key parser 'x509' registered
[    0.617369] Block layer SCSI generic (bsg) driver version 0.4 loaded (major 246)
[    0.618653] io scheduler noop registered
[    0.619305] io scheduler deadline registered
[    0.620078] io scheduler cfq registered (default)
[    0.621166] ACPI: AC Adapter [AC] (on-line)
[    0.621932] input: Power Button as /devices/LNXSYSTM:00/LNXPWRBN:00/input/input0
[    0.623270] ACPI: Power Button [PWRF]
[    0.624019] input: Sleep Button as /devices/LNXSYSTM:00/LNXSLPBN:00/input/input1
[    0.625598] ACPI: Sleep Button [SLPF]
[    0.627061] ACPI: Battery Slot [BAT0] (battery present)
[    0.628114] Serial: 8250/16550 driver, 32 ports, IRQ sharing enabled
[    0.649877] 00:02: ttyS0 at I/O 0x3f8 (irq = 4, base_baud = 115200) is a 16550A
[    0.654524] Linux agpgart interface v0.103
[    0.657228] loop: module loaded
[    0.658301] scsi host0: ata_piix
[    0.659165] scsi host1: ata_piix
[    0.659900] ata1: PATA max UDMA/33 cmd 0x1f0 ctl 0x3f6 bmdma 0xd000 irq 14
[    0.661170] ata2: PATA max UDMA/33 cmd 0x170 ctl 0x376 bmdma 0xd008 irq 15
[    0.662692] tun: Universal TUN/TAP device driver, 1.6
[    0.663637] PPP generic driver version 2.4.2
[    0.664542] ehci_hcd: USB 2.0 'Enhanced' Host Controller (EHCI) Driver
[    0.665631] ehci-pci: EHCI PCI platform driver
[    0.666401] ehci-platform: EHCI generic platform driver
[    0.667268] ohci_hcd: USB 1.1 'Open' Host Controller (OHCI) Driver
[    0.668730] ohci-pci: OHCI PCI platform driver
[    0.669475] ohci-platform: OHCI generic platform driver
[    0.670338] uhci_hcd: USB Universal Host Controller Interface driver
[    0.671436] i8042: PNP: PS/2 Controller [PNP0303:PS2K,PNP0f03:PS2M] at 0x60,0x64 irq 1,12
[    0.673322] serio: i8042 KBD port at 0x60,0x64 irq 1
[    0.674193] serio: i8042 AUX port at 0x60,0x64 irq 12
[    0.675177] mousedev: PS/2 mouse device common for all mice
[    0.677011] input: AT Translated Set 2 keyboard as /devices/platform/i8042/serio0/input/input2
[    0.678689] rtc_cmos rtc_cmos: rtc core: registered rtc_cmos as rtc0
[    0.679755] rtc_cmos rtc_cmos: alarms up to one day, 114 bytes nvram
[    0.680821] i2c /dev entries driver
[    0.681465] device-mapper: uevent: version 1.0.3
[    0.682396] device-mapper: ioctl: 4.37.0-ioctl (2017-09-20) initialised: dm-devel@redhat.com
[    0.683814] ledtrig-cpu: registered to indicate activity on CPUs
[    0.685203] NET: Registered protocol family 10
[    0.689053] Segment Routing with IPv6
[    0.689748] NET: Registered protocol family 17
[    0.690598] Key type dns_resolver registered
[    0.691497] mce: Using 0 MCE banks
[    0.692096] RAS: Correctable Errors collector initialized.
[    0.693048] sched_clock: Marking stable (693016052, 0)->(850654214, -157638162)
[    0.694660] registered taskstats version 1
[    0.695354] Loading compiled-in X.509 certificates
[    0.698225] Loaded X.509 cert 'Build time autogenerated kernel key: b5b26778eaa3ab3a4a6cee031137706e947d12ad'
[    0.700308] Loaded X.509 cert 'Canonical Ltd. Live Patch Signing: 14df34d1a87cf37625abec039ef2bf521249b969'
[    0.702445] Loaded X.509 cert 'Canonical Ltd. Kernel Module Signing: 88f752e560a1e0737e31163a466ad7b70a850c19'
[    0.704575] blacklist: Loading compiled-in revocation X.509 certificates
[    0.706070] Loaded X.509 cert 'Canonical Ltd. Secure Boot Signing: 61482aa2830d0ab2ad5af10b7250da9033ddcef0'
[    0.707685] Loaded X.509 cert 'Canonical Ltd. Secure Boot Signing (2017): 242ade75ac4a15e50d50c84b0d45ff3eae707a03'
[    0.709502] Loaded X.509 cert 'Canonical Ltd. Secure Boot Signing (ESM 2018): 365188c1d374d6b07c3c8f240f8ef722433d6a8b'
[    0.711896] Loaded X.509 cert 'Canonical Ltd. Secure Boot Signing (2019): c0746fd6c5da3ae827864651ad66ae47fe24b3e8'
[    0.713931] Loaded X.509 cert 'Canonical Ltd. Secure Boot Signing (2021 v1): a8d54bbb3825cfb94fa13c9f8a594a195c107b8d'
[    0.715736] Loaded X.509 cert 'Canonical Ltd. Secure Boot Signing (2021 v2): 4cf046892d6fd3c9a5b03f98d845f90851dc6a8c'
[    0.717710] Loaded X.509 cert 'Canonical Ltd. Secure Boot Signing (2021 v3): 100437bb6de6e469b581e61cd66bce3ef4ed53af'
[    0.719409] Loaded X.509 cert 'Canonical Ltd. Secure Boot Signing (Ubuntu Core 2019): c1d57b8f6b743f23ee41f4f7ee292f06eecadfb9'
[    0.721381] zswap: loaded using pool lzo/zbud
[    0.724868] Key type big_key registered
[    0.726283] Key type trusted registered
[    0.728159] Key type encrypted registered
[    0.728821] AppArmor: AppArmor sha1 policy hashing enabled
[    0.729667] ima: No TPM chip found, activating TPM-bypass! (rc=-19)
[    0.730648] ima: Allocated hash algorithm: sha1
[    0.731345] evm: HMAC attrs: 0x1
[    0.732125]   Magic number: 1:942:351
[    0.732813] rtc_cmos rtc_cmos: setting system clock to 2025-07-31 22:20:47 UTC (1754000447)
[    0.734156] BIOS EDD facility v0.16 2004-Jun-25, 0 devices found
[    0.735065] EDD information not available.
[    0.854960] Freeing unused kernel image memory: 2480K
[    0.864201] Write protecting the kernel read-only data: 20480k
[    0.869205] Freeing unused kernel image memory: 2008K
[    0.873012] Freeing unused kernel image memory: 1820K
[    0.898008] x86/mm: Checked W+X mappings: passed, no W+X pages found.
[    0.901542] x86/mm: Checking user space page tables
[    0.918075] x86/mm: Checked W+X mappings: passed, no W+X pages found.
Loading, please wait...
starting version 237
[    1.011181] e1000: Intel(R) PRO/1000 Network Driver - version 7.3.21-k8-NAPI
[    1.013900] e1000: Copyright (c) 1999-2006 Intel Corporation.
[    1.019536] Fusion MPT base driver 3.04.20
[    1.020912] Copyright (c) 1999-2008 LSI Corporation
[    1.048437] AVX2 version of gcm_enc/dec engaged.
[    1.049274] AES CTR mode by8 optimization enabled
[    1.058339] Fusion MPT SPI Host driver 3.04.20
[    1.234205] input: ImExPS/2 Generic Explorer Mouse as /devices/platform/i8042/serio1/input/input4
[    1.446520] e1000 0000:00:03.0 eth0: (PCI:33MHz:32-bit) 02:3b:7b:b7:3b:2d
[    1.448240] e1000 0000:00:03.0 eth0: Intel(R) PRO/1000 Network Connection
[    1.450894] e1000 0000:00:03.0 enp0s3: renamed from eth0
[    1.451816] mptbase: ioc0: Initiating bringup
[    1.561031] ioc0: LSI53C1030 A0: Capabilities={Initiator}
[    3.078433] scsi host2: ioc0: LSI53C1030 A0, FwRev=00000000h, Ports=1, MaxQ=256, IRQ=20
[    5.013846] scsi 2:0:0:0: Direct-Access     VBOX     HARDDISK         1.0  PQ: 0 ANSI: 5
[    5.140168] scsi target2:0:0: Beginning Domain Validation
[    5.151346] scsi target2:0:0: Domain Validation skipping write tests
[    5.156533] scsi target2:0:0: Ending Domain Validation
[    5.157816] scsi target2:0:0: asynchronous
[    5.159055] scsi 2:0:1:0: Direct-Access     VBOX     HARDDISK         1.0  PQ: 0 ANSI: 5
[    5.674942] scsi target2:0:1: Beginning Domain Validation
[    5.683093] scsi target2:0:1: Domain Validation skipping write tests
[    5.686469] scsi target2:0:1: Ending Domain Validation
[    5.687769] scsi target2:0:1: asynchronous
[    5.693827] sd 2:0:0:0: Attached scsi generic sg0 type 0
[    5.693848] sd 2:0:0:0: [sda] 83886080 512-byte logical blocks: (42.9 GB/40.0 GiB)
[    5.696227] sd 2:0:1:0: Attached scsi generic sg1 type 0
[    5.698673] sd 2:0:0:0: [sda] Write Protect is off
[    5.699891] sd 2:0:1:0: [sdb] 20480 512-byte logical blocks: (10.5 MB/10.0 MiB)
[    5.701381] sd 2:0:0:0: [sda] Write cache: enabled, read cache: enabled, supports DPO and FUA
[    5.703074] sd 2:0:1:0: [sdb] Write Protect is off
[    5.704162] sd 2:0:1:0: [sdb] Write cache: enabled, read cache: enabled, supports DPO and FUA
[    5.708140]  sda: sda1
[    5.709483] sd 2:0:0:0: [sda] Attached SCSI disk
[    5.710405] sd 2:0:1:0: [sdb] Attached SCSI disk
Begin: Loading essential drivers ... [    7.264835] raid6: sse2x1   gen()  8514 MB/s
[    7.312879] raid6: sse2x1   xor()  5714 MB/s
[    7.360680] raid6: sse2x2   gen() 10451 MB/s
[    7.408535] raid6: sse2x2   xor()  7435 MB/s
[    7.456215] raid6: sse2x4   gen() 12282 MB/s
[    7.504577] raid6: sse2x4   xor()  6803 MB/s
[    7.552507] raid6: avx2x1   gen() 20021 MB/s
[    7.600578] raid6: avx2x1   xor() 11243 MB/s
[    7.648057] raid6: avx2x2   gen() 18313 MB/s
[    7.696784] raid6: avx2x2   xor() 18300 MB/s
[    7.744521] raid6: avx2x4   gen() 23694 MB/s
[    7.792480] raid6: avx2x4   xor() 14422 MB/s
[    7.793565] raid6: using algorithm avx2x4 gen() 23694 MB/s
[    7.794752] raid6: .... xor() 14422 MB/s, rmw enabled
[    7.795711] raid6: using avx2x2 recovery algorithm
[    7.798176] xor: automatically using best checksumming function   avx       
[    7.800907] async_tx: api initialized (async)
done.
Begin: Running /scripts/init-premount ... done.
Begin: Mounting root file system ... Begin: Running /scripts/local-top ... done.
Begin: Running /scripts/local-premount ... [    7.848367] Btrfs loaded, crc32c=crc32c-intel
Scanning for Btrfs filesystems
done.
Warning: fsck not present, so skipping root file system
[    7.880930] EXT4-fs (sda1): mounted filesystem with ordered data mode. Opts: (null)
done.
Begin: Running /scripts/local-bottom ... done.
Begin: Running /scripts/init-bottom ... done.
[    8.047544] ip_tables: (C) 2000-2006 Netfilter Core Team
[    8.054470] systemd[1]: systemd 237 running in system mode. (+PAM +AUDIT +SELINUX +IMA +APPARMOR +SMACK +SYSVINIT +UTMP +LIBCRYPTSETUP +GCRYPT +GNUTLS +ACL +XZ +LZ4 +SECCOMP +BLKID +ELFUTILS +KMOD -IDN2 +IDN -PCRE2 default-hierarchy=hybrid)
[    8.058101] systemd[1]: Detected virtualization oracle.
[    8.058926] systemd[1]: Detected architecture x86-64.

Welcome to [1mUbuntu 18.04.6 LTS[0m!

[    8.065651] systemd[1]: Set hostname to <vm-partidos-tenis>.
[    8.310465] systemd[1]: Set up automount Arbitrary Executable File Formats File System Automount Point.
[[0;32m  OK  [0m] Set up automount Arbitrary Executab…rmats File System Automount Point.
[    8.313806] systemd[1]: Reached target User and Group Name Lookups.
[[0;32m  OK  [0m] Reached target User and Group Name Lookups.
[    8.317371] systemd[1]: Created slice System Slice.
[[0;32m  OK  [0m] Created slice System Slice.
[    8.319148] systemd[1]: Listening on Syslog Socket.
[[0;32m  OK  [0m] Listening on Syslog Socket.
[    8.320913] systemd[1]: Listening on udev Kernel Socket.
[[0;32m  OK  [0m] Listening on udev Kernel Socket.
[    8.322508] systemd[1]: Listening on Journal Audit Socket.
[[0;32m  OK  [0m] Listening on Journal Audit Socket.
[[0;32m  OK  [0m] Listening on Journal Socket.
         Mounting POSIX Message Queue File System...
         Starting Load Kernel Modules...
         Starting Create list of required st…ce nodes for the current kernel...
         Mounting Kernel Debug File System...
[[0;32m  OK  [0m] Listening on LVM2 metadata daemon socket.
[[0;32m  OK  [0m] Started Forward Password Requests to Wall Directory Watch.
[[0;32m  OK  [0m] Listening on LVM2 poll daemon socket.
[[0;32m  OK  [0m] Listening on Journal Socket (/dev/log).
[[0;32m  OK  [0m] Created slice User and Session Slice.
[[0;32m  OK  [0m] Listening on udev Control Socket.
         Starting Set the console keyboard layout...
[    8.365097] Loading iSCSI transport class v2.0-870.
[[0;32m  OK  [0m] Created slice system-serial\x2dgetty.slice.
         Starting Uncomplicated firewall...
[    8.371760] iscsi: registered transport (tcp)
         Starting udev Coldplug all Devices...
         Starting Journal Service...
[[0;32m  OK  [0m] Reached target Slices.
[[0;32m  OK  [0m] Reached target Mounting snaps.
[[0;32m  OK  [0m] Reached target Mounted snaps.
         Mounting Huge Pages File System...
[[0;32m  OK  [0m] Reached target System Time Synchronized.
[[0;32m  OK  [0m] Listening on Device-mapper event daemon FIFOs.
         Starting Monitoring of LVM2 mirrors…ng dmeventd or progress polling...
[[0;32m  OK  [0m] Reached target Swap.
[[0;32m  OK  [0m] Listening on Network Service Netlink Socket.
[    8.420425] iscsi: registered transport (iser)
[[0;32m  OK  [0m] Listening on fsck to fsckd communication Socket.
         Starting File System Check on Root Device...
[[0;32m  OK  [0m] Listening on /dev/initctl Compatibility Named Pipe.
[[0;32m  OK  [0m] Started Journal Service.
[[0;32m  OK  [0m] Mounted POSIX Message Queue File System.
[[0;32m  OK  [0m] Started Load Kernel Modules.
[[0;32m  OK  [0m] Started Create list of required sta…vice nodes for the current kernel.
[[0;32m  OK  [0m] Mounted Kernel Debug File System.
[[0;32m  OK  [0m] Started Uncomplicated firewall.
[[0;32m  OK  [0m] Mounted Huge Pages File System.
[[0;32m  OK  [0m] Started File System Check on Root Device.
[[0;32m  OK  [0m] Started File System Check Daemon to report status.
[[0;32m  OK  [0m] Started LVM2 metadata daemon.
         Starting Remount Root and Kernel File Systems...
         Starting Create Static Device Nodes in /dev...
         Mounting Kernel Configuration File System...
         Starting Apply Kernel Variables...
         Mounting FUSE Control File System...
[[0;32m  OK  [0m] Mounted Kernel Configuration File System.
[[0;32m  OK  [0m] Mounted FUSE Control File System.
[    8.514415] EXT4-fs (sda1): re-mounted. Opts: (null)
[[0;32m  OK  [0m] Started Remount Root and Kernel File Systems.
         Starting Load/Save Random Seed...
         Starting Flush Journal to Persistent Storage...
[[0;32m  OK  [0m] Started Monitoring of LVM2 mirrors,…sing dmeventd or progress polling.
[[0;32m  OK  [0m] Started udev Coldplug all Devices.
[[0;32m  OK  [0m] Started Load/Save Random Seed.
[[0;32m  OK  [0m] Started Apply Kernel Variables.
[[0;32m  OK  [0m] Started Create Static Device Nodes in /dev.
         Starting udev Kernel Device Manager...
[[0;32m  OK  [0m] Started Set the console keyboard layout.
[[0;32m  OK  [0m] Reached target Local File Systems (Pre).
[[0;32m  OK  [0m] Reached target Local File Systems.
         Starting Tell Plymouth To Write Out Runtime Data...
         Starting Set console font and keymap...
         Starting AppArmor initialization...
         Starting ebtables ruleset management...
[[0;32m  OK  [0m] Started udev Kernel Device Manager.
[[0;32m  OK  [0m] Started Dispatch Password Requests to Console Directory Watch.
[[0;32m  OK  [0m] Reached target Local Encrypted Volumes.
[[0;32m  OK  [0m] Started Flush Journal to Persistent Storage.
[[0;32m  OK  [0m] Started Tell Plymouth To Write Out Runtime Data.
         Starting Create Volatile Files and Directories...
[[0;32m  OK  [0m] Started Set console font and keymap.
[[0;32m  OK  [0m] Started Create Volatile Files and Directories.
         Starting Update UTMP about System Boot/Shutdown...
[[0;32m  OK  [0m] Started Update UTMP about System Boot/Shutdown.
[[0;32m  OK  [0m] Started ebtables ruleset management.
[[0;32m  OK  [0m] Started AppArmor initialization.
[[0;32m  OK  [0m] Found device /dev/ttyS0.
         Starting Initial cloud-init job (pre-networking)...
         Starting Load AppArmor profiles managed internally by snapd...
         Mounting Arbitrary Executable File Formats File System...
[[0;32m  OK  [0m] Listening on Load/Save RF Kill Switch Status /dev/rfkill Watch.
[[0;32m  OK  [0m] Mounted Arbitrary Executable File Formats File System.
[[0;32m  OK  [0m] Started Load AppArmor profiles managed internally by snapd.
[   10.220786] cloud-init[531]: Cloud-init v. 23.1.2-0ubuntu0~18.04.1 running 'init-local' at Thu, 31 Jul 2025 22:20:56 +0000. Up 9.99 seconds.
[[0;32m  OK  [0m] Started Initial cloud-init job (pre-networking).
[[0;32m  OK  [0m] Reached target Network (Pre).
         Starting Network Service...
[[0;32m  OK  [0m] Started Network Service.
         Starting Network Name Resolution...
         Starting Wait for Network to be Configured...
[[0;32m  OK  [0m] Started Network Name Resolution.
[[0;32m  OK  [0m] Reached target Network.
[[0;32m  OK  [0m] Reached target Host and Network Name Lookups.
[[0;32m  OK  [0m] Started Wait for Network to be Configured.
         Starting Initial cloud-init job (metadata service crawler)...
[   12.947679] cloud-init[676]: Cloud-init v. 23.1.2-0ubuntu0~18.04.1 running 'init' at Thu, 31 Jul 2025 22:20:59 +0000. Up 12.82 seconds.
[   12.950791] cloud-init[676]: ci-info: +++++++++++++++++++++++++++++++++++++++++++Net device info++++++++++++++++++++++++++++++++++++++++++++
[   12.952443] cloud-init[676]: ci-info: +--------+------+---------------------------------------+---------------+--------+-------------------+
[   12.954094] cloud-init[676]: ci-info: | Device |  Up  |                Address                |      Mask     | Scope  |     Hw-Address    |
[   12.964909] cloud-init[676]: ci-info: +--------+------+---------------------------------------+---------------+--------+-------------------+
[   12.976599] cloud-init[676]: ci-info: | enp0s3 | True |               10.0.2.15               | 255.255.255.0 | global | 02:3b:7b:b7:3b:2d |
[   12.978540] cloud-init[676]: ci-info: | enp0s3 | True | fd17:625c:f037:2:3b:7bff:feb7:3b2d/64 |       .       | global | 02:3b:7b:b7:3b:2d |
[   12.980424] cloud-init[676]: ci-info: | enp0s3 | True |       fe80::3b:7bff:feb7:3b2d/64      |       .       |  link  | 02:3b:7b:b7:3b:2d |
[   12.981971] cloud-init[676]: ci-info: |   lo   | True |               127.0.0.1               |   255.0.0.0   |  host  |         .         |
[   12.983364] cloud-init[676]: ci-info: |   lo   | True |                ::1/128                |       .       |  host  |         .         |
[   12.984497] cloud-init[676]: ci-info: +--------+------+---------------------------------------+---------------+--------+-------------------+
[   12.985804] cloud-init[676]: ci-info: ++++++++++++++++++++++++++++Route IPv4 info+++++++++++++++++++++++++++++
[   12.987113] cloud-init[676]: ci-info: +-------+-------------+----------+-----------------+-----------+-------+
[   12.988726] cloud-init[676]: ci-info: | Route | Destination | Gateway  |     Genmask     | Interface | Flags |
[   12.989633] cloud-init[676]: ci-info: +-------+-------------+----------+-----------------+-----------+-------+
[   13.000686] cloud-init[676]: ci-info: |   0   |   0.0.0.0   | 10.0.2.2 |     0.0.0.0     |   enp0s3  |   UG  |
[   13.002116] cloud-init[676]: ci-info: |   1   |   10.0.2.0  | 0.0.0.0  |  255.255.255.0  |   enp0s3  |   U   |
[   13.003385] cloud-init[676]: ci-info: |   2   |   10.0.2.2  | 0.0.0.0  | 255.255.255.255 |   enp0s3  |   UH  |
[   13.004846] cloud-init[676]: ci-info: +-------+-------------+----------+-----------------+-----------+-------+
[   13.006220] cloud-init[676]: ci-info: ++++++++++++++++++++++++Route IPv6 info++++++++++++++++++++++++
[   13.007571] cloud-init[676]: ci-info: +-------+-----------------------+---------+-----------+-------+
[   13.009116] cloud-init[676]: ci-info: | Route |      Destination      | Gateway | Interface | Flags |
[   13.010796] cloud-init[676]: ci-info: +-------+-----------------------+---------+-----------+-------+
[   13.012305] cloud-init[676]: ci-info: |   1   | fd17:625c:f037:2::/64 |    ::   |   enp0s3  |   U   |
[   13.013610] cloud-init[676]: ci-info: |   2   |       fe80::/64       |    ::   |   enp0s3  |   U   |
[   13.015130] cloud-init[676]: ci-info: |   3   |          ::/0         | fe80::2 |   enp0s3  |   UG  |
[   13.016575] cloud-init[676]: ci-info: |   5   |         local         |    ::   |   enp0s3  |   U   |
[   13.018997] cloud-init[676]: ci-info: |   6   |        ff00::/8       |    ::   |   enp0s3  |   U   |
[   13.020178] cloud-init[676]: ci-info: +-------+-----------------------+---------+-----------+-------+
[[0;32m  OK  [0m] Started Initial cloud-init job (metadata service crawler).
[[0;32m  OK  [0m] Reached target System Initialization.
[[0;32m  OK  [0m] Listening on ACPID Listen Socket.
[[0;32m  OK  [0m] Listening on D-Bus System Message Bus Socket.
[[0;32m  OK  [0m] Started Daily apt download activities.
[[0;32m  OK  [0m] Started Ubuntu Advantage Timer for running repeated jobs.
[[0;32m  OK  [0m] Started Daily Cleanup of Temporary Directories.
[[0;32m  OK  [0m] Listening on cloud-init hotplug hook socket.
[[0;32m  OK  [0m] Started ACPI Events Check.
[[0;32m  OK  [0m] Reached target Paths.
         Starting Socket activation for snappy daemon.
[[0;32m  OK  [0m] Listening on UUID daemon activation socket.
         Starting LXD - unix socket.
[[0;32m  OK  [0m] Started Discard unused blocks once a week.
[[0;32m  OK  [0m] Started Daily apt upgrade and clean activities.
[[0;32m  OK  [0m] Started Message of the Day.
[[0;32m  OK  [0m] Reached target Timers.
[[0;32m  OK  [0m] Listening on Open-iSCSI iscsid Socket.
[[0;32m  OK  [0m] Reached target Cloud-config availability.
[[0;32m  OK  [0m] Reached target Network is Online.
[[0;32m  OK  [0m] Reached target Remote File Systems (Pre).
         Mounting /vagrant...
         Starting Availability of block devices...
[[0;32m  OK  [0m] Listening on Socket activation for snappy daemon.
[[0;32m  OK  [0m] Listening on LXD - unix socket.
[[0;32m  OK  [0m] Reached target Sockets.
[[0;32m  OK  [0m] Reached target Basic System.
         Starting System Logging Service...
         Starting Login Service...
[[0;32m  OK  [0m] Started FUSE filesystem for LXC.
         Starting OpenBSD Secure Shell server...
[[0;32m  OK  [0m] Started Regular background program processing daemon.
         Starting Virtualbox guest utils...
         Starting Accounts Service...
[[0;32m  OK  [0m] Started Deferred execution scheduler.
         Starting LSB: Record successful boot for GRUB...
[[0;32m  OK  [0m] Started irqbalance daemon.
         Starting Dispatcher daemon for systemd-networkd...
[[0;32m  OK  [0m] Started D-Bus System Message Bus.
[[0;32m  OK  [0m] Reached target Login Prompts (Pre).
         Starting LXD - container startup/shutdown...
         Starting Snap Daemon...
[[0;32m  OK  [0m] Started System Logging Service.
[[0;32m  OK  [0m] Mounted /vagrant.
[[0;32m  OK  [0m] Started Availability of block devices.
[[0;32m  OK  [0m] Started Login Service.
[[0;32m  OK  [0m] Started OpenBSD Secure Shell server.
         Starting Authorization Manager...
         Starting Hostname Service...
[[0;32m  OK  [0m] Started Unattended Upgrades Shutdown.
[[0;32m  OK  [0m] Reached target Remote File Systems.
         Starting LSB: automatic crash report generation...
         Starting Permit User Sessions...
[[0;32m  OK  [0m] Started Permit User Sessions.
         Starting Terminate Plymouth Boot Screen...
         Starting Hold until boot process finishes up...
[[0;32m  OK  [0m] Started Hold until boot process finishes up.
[[0;32m  OK  [0m] Started Serial Getty on ttyS0.
         Starting Set console scheme...
[[0;32m  OK  [0m] Started LSB: Record successful boot for GRUB.
[[0;32m  OK  [0m] Started Virtualbox guest utils.
[[0;32m  OK  [0m] Started Terminate Plymouth Boot Screen.
[[0;32m  OK  [0m] Started Authorization Manager.
[[0;32m  OK  [0m] Started Accounts Service.
[[0;32m  OK  [0m] Started Set console scheme.
[[0;32m  OK  [0m] Created slice system-getty.slice.
[[0;32m  OK  [0m] Started Getty on tty1.
[[0;32m  OK  [0m] Reached target Login Prompts.
[[0;32m  OK  [0m] Started Hostname Service.
[[0;32m  OK  [0m] Started LSB: automatic crash report generation.
[[0;32m  OK  [0m] Created slice User Slice of vagrant.
[[0;32m  OK  [0m] Started LXD - container startup/shutdown.
[[0;32m  OK  [0m] Started Session 1 of user vagrant.
         Starting User Manager for UID 1000...
[[0;32m  OK  [0m] Started Dispatcher daemon for systemd-networkd.
[[0;32m  OK  [0m] Started User Manager for UID 1000.
[[0;32m  OK  [0m] Started Snap Daemon.
         Starting Wait until snapd is fully seeded...
         Starting Time & Date Service...
[[0;32m  OK  [0m] Started Time & Date Service.
[[0;32m  OK  [0m] Started Wait until snapd is fully seeded.
         Starting Apply the settings specified in cloud-config...
[   15.171568] cloud-init[1184]: Cloud-init v. 23.1.2-0ubuntu0~18.04.1 running 'modules:config' at Thu, 31 Jul 2025 22:21:01 +0000. Up 15.06 seconds.
[[0;32m  OK  [0m] Started Apply the settings specified in cloud-config.
[[0;32m  OK  [0m] Reached target Multi-User System.
[[0;32m  OK  [0m] Reached target Graphical Interface.
         Starting Update UTMP about System Runlevel Changes...
         Starting Execute cloud user/final scripts...
[[0;32m  OK  [0m] Started Update UTMP about System Runlevel Changes.
[   15.841156] cloud-init[1299]: Cloud-init v. 23.1.2-0ubuntu0~18.04.1 running 'modules:final' at Thu, 31 Jul 2025 22:21:02 +0000. Up 15.70 seconds.
[   15.842547] cloud-init[1299]: Cloud-init v. 23.1.2-0ubuntu0~18.04.1 finished at Thu, 31 Jul 2025 22:21:02 +0000. Datasource DataSourceNoCloud [seed=/dev/sdb][dsmode=net].  Up 15.83 seconds
[[0;32m  OK  [0m] Started Execute cloud user/final scripts.
[[0;32m  OK  [0m] Reached target Cloud-init target.

Ubuntu 18.04.6 LTS vm-partidos-tenis ttyS0

vm-partidos-tenis login:          Stopping Availability of block devices...
         Stopping Session 5 of user vagrant.
         Stopping Authorization Manager...
[[0;32m  OK  [0m] Stopped target Cloud-init target.
         Stopping Daemon for generating UUIDs...
[[0;32m  OK  [0m] Stopped target Host and Network Name Lookups.
[[0;32m  OK  [0m] Stopped target Graphical Interface.
[[0;32m  OK  [0m] Stopped Execute cloud user/final scripts.
[[0;32m  OK  [0m] Stopped target Multi-User System.
[[0;32m  OK  [0m] Stopped target Login Prompts.
         Stopping Getty on tty1...
         Stopping Serial Getty on tt         Stopping LSB: Record successful boot for GRUB...
         Stopping D-Bus System Message Bus...
         Stopping LXD - container startup/shutdown...
         Stopping OpenBSD Secure Shell server...
         Stopping Dispatcher daemon for systemd-networkd...
         Stopping LSB: automatic crash report generation...
         Stopping Virtualbox guest utils...
[[0;32m  OK  [0m] Stopped Apply the settings specified in cloud-config.
[[0;32m  OK  [0m] Stopped Wait until snapd is fully seeded.
[[0;32m  OK  [0m] Stopped target Cloud-config availability.
[[0;32m  OK  [0m] Stopped target Timers.
[[0;32m  OK  [0m] Stopped Ubuntu Advantage Timer for running repeated jobs.
[[0;32m  OK  [0m] Stopped Message of the Day.
[[0;32m  OK  [0m] Stopped Daily apt upgrade and clean activities.
[[0;32m  OK  [0m] Stopped Daily apt download activities.
[[0;32m  OK  [0m] Stopped Daily Cleanup of Temporary Directories.
         Stopping FUSE filesystem for LXC...
         Stopping Accounts Service...
         Stopping System Logging Service...
[[0;32m  OK  [0m] Stopped Discard unused blocks once a week.
         Stopping User Manager for UID 1000...
         Stopping Regular background program processing daemon...
[[0;32m  OK  [0m] Stopped target System Time Synchronized.
         Stopping irqbalance daemon...
[[0;32m  OK  [0m] Closed Load/Save RF Kill Switch Status /dev/rfkill Watch.
[[0;32m  OK  [0m] Unmounted /var/lib/lxcfs.
[[0;32m  OK  [0m] Stopped System Logging Service.
[[0;32m  OK  [0m] Stopped Regular background program processing daemon.
[[0;32m  OK  [0m] Stopped Accounts Service.
[[0;32m  OK  [0m] Stopped Deferred execution scheduler.
[[0;32m  OK  [0m] Stopped irqbalance daemon.
[[0;32m  OK  [0m] Stopped Dispatcher daemon for systemd-networkd.
[[0;32m  OK  [0m] Stopped OpenBSD Secure Shell server.
[[0;32m  OK  [0m] Stopped Authorization Manager.
[[0;32m  OK  [0m] Stopped Serial Getty on ttyS0.
[[0;32m  OK  [0m] Stopped Getty on tty1.
[[0;32m  OK  [0m] Stopped Daemon for generating UUIDs.
[[0;32m  OK  [0m] Stopped User Manager for UID 1000.
[[0;32m  OK  [0m] Stopped Availability of block devices.
[[0;32m  OK  [0m] Stopped D-Bus System Message Bus.
[[0;32m  OK  [0m] Stopped FUSE filesystem for LXC.
[[0;32m  OK  [0m] Stopped Session 5 of user vagrant.
[[0;32m  OK  [0m] Removed slice User Slice of vagrant.
         Stopping Login Service...
[[0;32m  OK  [0m] Removed slice system-getty.slice.
[[0;32m  OK  [0m] Stopped target Login Prompts (Pre).
[[0;32m  OK  [0m] Removed slice system-serial\x2dgetty.slice.
         Stopping Permit User Sessions...
[[0;32m  OK  [0m] Stopped Permit User Sessions.
[[0;32m  OK  [0m] Stopped LXD - container startup/shutdown.
[[0;32m  OK  [0m] Stopped LSB: Record successful boot for GRUB.
[[0;32m  OK  [0m] Stopped LSB: automatic crash report generation.
[[0;32m  OK  [0m] Stopped target Remote File Systems.
         Unmounting /vagrant...
[[0;32m  OK  [0m] Stopped Login Service.
[[0;32m  OK  [0m] Stopped Virtualbox guest utils.
[[0;32m  OK  [0m] Stopped target User and Group Name Lookups.
[[0;32m  OK  [0m] Stopped target Basic System.
[[0;32m  OK  [0m] Stopped target Paths.
[[0;32m  OK  [0m] Stopped ACPI Events Check.
[[0;32m  OK  [0m] Stopped target Sockets.
[[0;32m  OK  [0m] Closed ACPID Listen Socket.
[[0;32m  OK  [0m] Closed LXD - unix socket.
[[0;32m  OK  [0m] Closed Socket activation for snappy daemon.
[[0;32m  OK  [0m] Closed UUID daemon activation socket.
[[0;32m  OK  [0m] Closed cloud-init hotplug hook socket.
[[0;32m  OK  [0m] Closed Syslog Socket.
[[0;32m  OK  [0m] Closed Open-iSCSI iscsid Socket.
[[0;32m  OK  [0m] Closed D-Bus System Message Bus Socket.
[[0;32m  OK  [0m] Stopped target Slices.
[[0;32m  OK  [0m] Removed slice User and Session Slice.
[[0;32m  OK  [0m] Stopped target System Initialization.
         Stopping Load/Save Random Seed...
         Stopping Update UTMP about System Boot/Shutdown...
[[0;32m  OK  [0m] Stopped target Local Encrypted Volumes.
[[0;32m  OK  [0m] Stopped Dispatch Password Requests to Console Directory Watch.
[[0;32m  OK  [0m] Stopped Forward Password Requests to Wall Directory Watch.
[[0;32m  OK  [0m] Stopped Load/Save Random Seed.
[[0;32m  OK  [0m] Stopped Update UTMP about System Boot/Shutdown.
[[0;32m  OK  [0m] Unmounted /vagrant.
[[0;32m  OK  [0m] Stopped target Network is Online.
[[0;32m  OK  [0m] Stopped Initial cloud-init job (metadata service crawler).
[[0;32m  OK  [0m] Stopped target Network.
         Stopping Network Name Resolution...
[[0;32m  OK  [0m] Stopped Wait for Network to be Configured.
[[0;32m  OK  [0m] Stopped target Remote File Systems (Pre).
[[0;32m  OK  [0m] Stopped Network Name Resolution.
[[0;32m  OK  [0m] Stopped Create Volatile Files and Directories.
[[0;32m  OK  [0m] Stopped target Local File Systems.
[[0;32m  OK  [0m] Stopped target Mounted snaps.
[[0;32m  OK  [0m] Stopped target Mounting snaps.
         Unmounting /run/user/1000...
         Stopping Network Service...
[[0;32m  OK  [0m] Unmounted /run/user/1000.
[[0;32m  OK  [0m] Reached target Unmount All Filesystems.
[[0;32m  OK  [0m] Stopped target Swap.
[[0;32m  OK  [0m] Stopped target Local File Systems (Pre).
         Stopping Monitoring of LVM2 mirrors…ng dmeventd or progress polling...
[[0;32m  OK  [0m] Stopped Create Static Device Nodes in /dev.
[[0;32m  OK  [0m] Stopped Network Service.
[[0;32m  OK  [0m] Stopped Monitoring of LVM2 mirrors,…sing dmeventd or progress polling.
         Stopping LVM2 metadata daemon...
[[0;32m  OK  [0m] Stopped target Network (Pre).
[[0;32m  OK  [0m] Stopped Initial cloud-init job (pre-networking).
[[0;32m  OK  [0m] Stopped Remount Root and Kernel File Systems.
[[0;32m  OK  [0m] Stopped Apply Kernel Variables.
[[0;32m  OK  [0m] Stopped Load Kernel Modules.
[[0;32m  OK  [0m] Reached target Shutdown.
[[0;32m  OK  [0m] Reached target Final Step.
         Starting Power-Off...
[[0;32m  OK  [0m] Stopped LVM2 metadata daemon.
[  169.987518] reboot: Power down
